24-Dec-2017 1:22:30 PM oracle.mds
NOTIFICATION: PManager instance is created without multitenancy support as JVM flag "oracle.multitenant.enabled" is not set to enable multitenancy support.
24-Dec-2017 1:22:30 PM oracle.security.jps.internal.config.xml.XmlConfigurationFactory initDefaultConfiguration
SEVERE: java.io.FileNotFoundException: .\config\jps-config.xml (The system cannot find the path specified)
24-Dec-2017 1:22:30 PM oracle.mds
NOTIFICATION: Auditing is disabled for component MDS.
24-Dec-2017 1:22:35 PM oracle.fabric.common.wsdl.SchemaManager isIncrementalBuildSupported
INFO: XMLSchema incremental build enabled.
24-Dec-2017 1:22:35 PM com.collaxa.cube.CubeLogger info
INFO: validating "PurchaseOrderProcess.bpel" ...
24-Dec-2017 1:22:35 PM oracle.integration.platform.blocks.FabricConfigManager <clinit>
WARNING: JRF is unable to determine the current application server platform.
24-Dec-2017 1:22:35 PM oracle.integration.platform.blocks.WLSPlatformConfigurationProvider <clinit>
WARNING: JRF is unable to determine the current application server platform.
24-Dec-2017 1:22:35 PM com.collaxa.cube.CubeLogger info
INFO: Composed "PurchaseOrderProcess" in 51.3 milliseconds [nodes 6=0+6, 116.9 nodes/sec]
24-Dec-2017 1:22:38 PM com.collaxa.cube.CubeLogger info
INFO: Compiled "PurchaseOrderProcess" in 2.542 seconds
24-Dec-2017 1:22:38 PM com.collaxa.cube.CubeLogger info
INFO: Gathered 3 files in 1.5 milliseconds

24-Dec-2017 1:22:38 PM com.collaxa.cube.CubeLogger info
INFO: Packaged "PurchaseOrderProcess" in 6.6 milliseconds

